Unable to capture context for thread 2732 in process 22272, can not generate back trace
Unable to capture context for thread 2732 in process 22272, can not generate back trace
Exception at PC 0x00007FFF3FEFBB93
Printing stacktrace...

Exception at PC 0x00007FF80198567C
Exception at PC 0x00007FF80198567C
Exception at PC 0x00007FF80198567C
Exception at PC 0x00007FF80198567C
Exception at PC 0x00007FF80198567C
Exception at PC 0x00007FF80198567C
Exception at PC 0x00007FF80198567C
Exception at PC 0x00007FF80198567C
Exception at PC 0x00007FF80198567C
Exception at PC 0x00007FF80198567C
Exception at PC 0x00007FF80198567C
Exception at PC 0x00007FF80198567C
Exception at PC 0x00007FF80198567C
Exception at PC 0x00007FF80198567C
[0]  [0x00007FFF3FEFBB93]
[1]  [0x00007FFF3FEFBB93]
[2]  [0x00007FFF3FEFB4A1]
[3]  [0x00007FFF3FEFB3EF]
[4]  [0x00007FFF3FEE19FE]
[5]  [0x00007FFF3FEE0ED1]
[6]  [0x00007FFF3FEE0D76]
[7]  [0x00007FFF3FE879F6]
[8]  [0x00007FFF3FE77AFB]
[9]  [0x00007FFF3FF9E90A]
[10]  [0x00007FFF3FFB9F87]
[11]  [0x00007FFF3FFBA05F]
[12] (BaseThreadInitThunk+0x1d) [0x00007FF80231257D]
[13] (RtlUserThreadStart+0x28) [0x00007FF80460AA58]
Done
Exception at PC 0x00007FF80198567C
Exception at PC 0x00007FF80198567C
Exception at PC 0x00007FF80198567C
Exception at PC 0x00007FF80198567C
